[debug] [2022-04-01T18:26:50.749Z] ----------------------------------------------------------------------
[debug] [2022-04-01T18:26:50.757Z] Command:       C:\Program Files (x86)\nodejs\node.exe C:\Users\My\AppData\Roaming\npm\node_modules\firebase-tools\lib\bin\firebase.js deploy
[debug] [2022-04-01T18:26:50.758Z] CLI Version:   10.2.2
[debug] [2022-04-01T18:26:50.759Z] Platform:      win32
[debug] [2022-04-01T18:26:50.759Z] Node Version:  v14.17.0
[debug] [2022-04-01T18:26:50.774Z] Time:          Sat Apr 02 2022 00:26:50 GMT+0600 (Bangladesh Standard Time)
[debug] [2022-04-01T18:26:50.775Z] ----------------------------------------------------------------------
[debug] 
[debug] [2022-04-01T18:26:50.789Z] >>> [apiv2][query] GET https://firebase-public.firebaseio.com/cli.json [none]
[debug] [2022-04-01T18:26:51.134Z] > command requires scopes: ["email","openid","https://www.googleapis.com/auth/cloudplatformprojects.readonly","https://www.googleapis.com/auth/firebase","https://www.googleapis.com/auth/cloud-platform"]
[debug] [2022-04-01T18:26:51.135Z] > authorizing via signed-in user (azharulislamtawhid@gmail.com)
[debug] [2022-04-01T18:26:51.135Z] [iam] checking project digital-dudes-agency for permissions ["firebase.projects.get","firebasehosting.sites.update"]
[debug] [2022-04-01T18:26:51.138Z] > refreshing access token with scopes: []
[debug] [2022-04-01T18:26:51.141Z] >>> HTTP REQUEST POST https://www.googleapis.com/oauth2/v3/token  
 <request body omitted>
[debug] [2022-04-01T18:26:51.178Z] [iam] error while checking permissions, command may fail: FirebaseError: Authentication Error: Your credentials are no longer valid. Please run firebase login --reauth

For CI servers and headless environments, generate a new token with firebase login:ci
[debug] [2022-04-01T18:26:51.181Z] > refreshing access token with scopes: []
[debug] [2022-04-01T18:26:51.182Z] >>> HTTP REQUEST POST https://www.googleapis.com/oauth2/v3/token  
 <request body omitted>
[debug] [2022-04-01T18:26:51.203Z] Authentication Error: Your credentials are no longer valid. Please run firebase login --reauth

For CI servers and headless environments, generate a new token with firebase login:ci
[debug] [2022-04-01T18:26:51.230Z] FirebaseError: Authentication Error: Your credentials are no longer valid. Please run firebase login --reauth

For CI servers and headless environments, generate a new token with firebase login:ci
    at invalidCredentialError (C:\Users\My\AppData\Roaming\npm\node_modules\firebase-tools\lib\auth.js:145:12)
    at refreshTokens (C:\Users\My\AppData\Roaming\npm\node_modules\firebase-tools\lib\auth.js:485:15)
    at processTicksAndRejections (internal/process/task_queues.js:95:5)
    at async Client.getAccessToken (C:\Users\My\AppData\Roaming\npm\node_modules\firebase-tools\lib\apiv2.js:147:23)
    at async Client.addAuthHeader (C:\Users\My\AppData\Roaming\npm\node_modules\firebase-tools\lib\apiv2.js:138:21)
    at async Client.request (C:\Users\My\AppData\Roaming\npm\node_modules\firebase-tools\lib\apiv2.js:94:34)
    at async getFirebaseProject (C:\Users\My\AppData\Roaming\npm\node_modules\firebase-tools\lib\management\projects.js:290:21)
    at async getDefaultHostingSite (C:\Users\My\AppData\Roaming\npm\node_modules\firebase-tools\lib\getDefaultHostingSite.js:8:21)
    at async requireHostingSite (C:\Users\My\AppData\Roaming\npm\node_modules\firebase-tools\lib\requireHostingSite.js:9:18)
    at async Object.fn (C:\Users\My\AppData\Roaming\npm\node_modules\firebase-tools\lib\commands\deploy.js:73:9)
    at async C:\Users\My\AppData\Roaming\npm\node_modules\firebase-tools\lib\command.js:188:17
[error] 
[error] Error: Failed to get Firebase project digital-dudes-agency. Please make sure the project exists and your account has permission to access it.
